<?xml version="1.0" encoding="UTF-8"?>
<testsuite xmlns:xsi="http://www.w3.org/2001/XMLSchema-instance" xsi:noNamespaceSchemaLocation="https://maven.apache.org/surefire/maven-surefire-plugin/xsd/surefire-test-report-3.0.xsd" version="3.0" name="com.mycompany.obligatoriojuanes.ListaTest" time="0.075" tests="5" errors="0" skipped="0" failures="0">
  <properties>
[...]
</properties>
  <testcase name="testGetLargo" classname="com.mycompany.obligatoriojuanes.ListaTest" time="0.037">
    <system-out><![CDATA[getLargo
]]></system-out>
  </testcase>
  <testcase name="testImprimirLista" classname="com.mycompany.obligatoriojuanes.ListaTest" time="0.004">
    <system-out><![CDATA[imprimirLista
]]></system-out>
  </testcase>
  <testcase name="testGetPrimero" classname="com.mycompany.obligatoriojuanes.ListaTest" time="0.001">
    <system-out><![CDATA[getPrimero
]]></system-out>
  </testcase>
  <testcase name="testBuscar" classname="com.mycompany.obligatoriojuanes.ListaTest" time="0.002">
    <system-out><![CDATA[buscar
]]></system-out>
  </testcase>
  <testcase name="testInsertar" classname="com.mycompany.obligatoriojuanes.ListaTest" time="0.003">
    <system-out><![CDATA[insertar
]]></system-out>
  </testcase>
</testsuite>